<?xml version="1.0" encoding="UTF-8"?>
<!-- Generated by org.testng.reporters.JUnitReportReporter -->
<testsuite hostname="DESKTOP-PP8RICL" failures="0" tests="4" name="api.test.UserTests" time="9.176" errors="0" timestamp="2025-01-19T21:30:46 BDT" skipped="0">
  <testcase classname="api.test.UserTests" name="testPostUser" time="3.464"/>
  <testcase classname="api.test.UserTests" name="testGetUserByName" time="1.685"/>
  <testcase classname="api.test.UserTests" name="testUpdateUserByName" time="2.699"/>
  <testcase classname="api.test.UserTests" name="testDeleteUserByName" time="1.328"/>
</testsuite> <!-- api.test.UserTests -->
