<?xml version="1.0" encoding="UTF-8"?>
<!-- Generated by org.testng.reporters.JUnitReportReporter -->
<testsuite hostname="DESKTOP-PP8RICL" failures="0" tests="10" name="api.test.DDUserTests" time="13.985" errors="0" timestamp="2025-01-19T21:30:46 BDT" skipped="0">
  <testcase classname="api.test.DDUserTests" name="testPostUser" time="1.357"/>
  <testcase classname="api.test.DDUserTests" name="testPostUser" time="1.334"/>
  <testcase classname="api.test.DDUserTests" name="testPostUser" time="1.346"/>
  <testcase classname="api.test.DDUserTests" name="testPostUser" time="1.341"/>
  <testcase classname="api.test.DDUserTests" name="testPostUser" time="1.314"/>
  <testcase classname="api.test.DDUserTests" name="testDeleteUserByName" time="1.352"/>
  <testcase classname="api.test.DDUserTests" name="testDeleteUserByName" time="1.781"/>
  <testcase classname="api.test.DDUserTests" name="testDeleteUserByName" time="1.345"/>
  <testcase classname="api.test.DDUserTests" name="testDeleteUserByName" time="1.388"/>
  <testcase classname="api.test.DDUserTests" name="testDeleteUserByName" time="1.427"/>
</testsuite> <!-- api.test.DDUserTests -->
