<?xml version="1.0" encoding="UTF-8"?>
<!-- Generated by org.testng.reporters.JUnitReportReporter -->
<testsuite hostname="DESKTOP-PP8RICL" failures="0" tests="10" name="api.test.DDTests" time="16.446" errors="0" timestamp="2025-01-07T22:22:46 BDT" skipped="0">
  <testcase classname="api.test.DDTests" name="testPostUser" time="1.296"/>
  <testcase classname="api.test.DDTests" name="testPostUser" time="1.397"/>
  <testcase classname="api.test.DDTests" name="testPostUser" time="1.312"/>
  <testcase classname="api.test.DDTests" name="testPostUser" time="2.542"/>
  <testcase classname="api.test.DDTests" name="testPostUser" time="2.478"/>
  <testcase classname="api.test.DDTests" name="testDeleteUserByName" time="1.826"/>
  <testcase classname="api.test.DDTests" name="testDeleteUserByName" time="1.364"/>
  <testcase classname="api.test.DDTests" name="testDeleteUserByName" time="1.613"/>
  <testcase classname="api.test.DDTests" name="testDeleteUserByName" time="1.310"/>
  <testcase classname="api.test.DDTests" name="testDeleteUserByName" time="1.308"/>
</testsuite> <!-- api.test.DDTests -->
