<?xml version="1.0" encoding="UTF-8"?>
<!-- Generated by org.testng.reporters.JUnitReportReporter -->
<testsuite hostname="DESKTOP-PP8RICL" failures="0" tests="4" name="api.test.UserTests" time="8.689" errors="0" timestamp="2025-01-12T15:38:44 BDT" skipped="0">
  <testcase classname="api.test.UserTests" name="testPostUser" time="3.245"/>
  <testcase classname="api.test.UserTests" name="testGetUserByName" time="1.642"/>
  <testcase classname="api.test.UserTests" name="testUpdateUserByName" time="2.527"/>
  <testcase classname="api.test.UserTests" name="testDeleteUserByName" time="1.275"/>
</testsuite> <!-- api.test.UserTests -->
