<?xml version="1.0" encoding="UTF-8"?>
<!-- Generated by org.testng.reporters.JUnitReportReporter -->
<testsuite hostname="DESKTOP-PP8RICL" failures="0" tests="4" name="api.test.UserTestsUsingProperties" time="6.322" errors="0" timestamp="2025-01-12T15:38:44 BDT" skipped="0">
  <testcase classname="api.test.UserTestsUsingProperties" name="testPostUser" time="1.293"/>
  <testcase classname="api.test.UserTestsUsingProperties" name="testGetUserByName" time="1.280"/>
  <testcase classname="api.test.UserTestsUsingProperties" name="testUpdateUserByName" time="2.486"/>
  <testcase classname="api.test.UserTestsUsingProperties" name="testDeleteUserByName" time="1.263"/>
</testsuite> <!-- api.test.UserTestsUsingProperties -->
