<?xml version="1.0" encoding="UTF-8"?>
<!-- Generated by org.testng.reporters.JUnitReportReporter -->
<testsuite hostname="DESKTOP-PP8RICL" failures="0" tests="10" name="api.test.DDUserTests" time="12.738" errors="0" timestamp="2025-01-12T15:38:44 BDT" skipped="0">
  <testcase classname="api.test.DDUserTests" name="testPostUser" time="1.252"/>
  <testcase classname="api.test.DDUserTests" name="testPostUser" time="1.313"/>
  <testcase classname="api.test.DDUserTests" name="testPostUser" time="1.223"/>
  <testcase classname="api.test.DDUserTests" name="testPostUser" time="1.307"/>
  <testcase classname="api.test.DDUserTests" name="testPostUser" time="1.328"/>
  <testcase classname="api.test.DDUserTests" name="testDeleteUserByName" time="1.247"/>
  <testcase classname="api.test.DDUserTests" name="testDeleteUserByName" time="1.273"/>
  <testcase classname="api.test.DDUserTests" name="testDeleteUserByName" time="1.267"/>
  <testcase classname="api.test.DDUserTests" name="testDeleteUserByName" time="1.291"/>
  <testcase classname="api.test.DDUserTests" name="testDeleteUserByName" time="1.237"/>
</testsuite> <!-- api.test.DDUserTests -->
