<?xml version="1.0" encoding="UTF-8"?>
<!-- Generated by org.testng.reporters.JUnitReportReporter -->
<testsuite hostname="DESKTOP-PP8RICL" failures="0" tests="4" name="api.test.PetTests" time="12.163" errors="0" timestamp="2025-01-19T21:30:46 BDT" skipped="0">
  <testcase classname="api.test.PetTests" name="testCreatePet" time="2.353"/>
  <testcase classname="api.test.PetTests" name="testReadPetById" time="2.891"/>
  <testcase classname="api.test.PetTests" name="testUpdatePet" time="4.250"/>
  <testcase classname="api.test.PetTests" name="testDeletePetById" time="2.669"/>
</testsuite> <!-- api.test.PetTests -->
