<?xml version="1.0" encoding="UTF-8"?>
<!-- Generated by org.testng.reporters.JUnitReportReporter -->
<testsuite hostname="DESKTOP-PP8RICL" failures="0" tests="4" name="api.test.StoreTests" time="6.277" errors="0" timestamp="2025-01-12T15:38:44 BDT" skipped="0">
  <testcase classname="api.test.StoreTests" name="testPlaceOrder" time="1.264"/>
  <testcase classname="api.test.StoreTests" name="testGetOrderById" time="1.246"/>
  <testcase classname="api.test.StoreTests" name="testDeleteOrderById" time="2.517"/>
  <testcase classname="api.test.StoreTests" name="testGetInventory" time="1.250"/>
</testsuite> <!-- api.test.StoreTests -->
