<?xml version="1.0" encoding="UTF-8"?>
<!-- Generated by org.testng.reporters.JUnitReportReporter -->
<testsuite hostname="DESKTOP-PP8RICL" failures="0" tests="4" name="api.test.UserTestsUsingProperties" time="10.740" errors="0" timestamp="2025-01-19T21:30:46 BDT" skipped="0">
  <testcase classname="api.test.UserTestsUsingProperties" name="testPostUser" time="1.358"/>
  <testcase classname="api.test.UserTestsUsingProperties" name="testGetUserByName" time="4.689"/>
  <testcase classname="api.test.UserTestsUsingProperties" name="testUpdateUserByName" time="3.409"/>
  <testcase classname="api.test.UserTestsUsingProperties" name="testDeleteUserByName" time="1.284"/>
</testsuite> <!-- api.test.UserTestsUsingProperties -->
