<?xml version="1.0" encoding="UTF-8"?>
<!-- Generated by org.testng.reporters.JUnitReportReporter -->
<testsuite hostname="DESKTOP-PP8RICL" failures="0" tests="10" name="api.test.DDUserTests" time="12.862" errors="0" timestamp="2025-01-12T16:47:32 BDT" skipped="0">
  <testcase classname="api.test.DDUserTests" name="testPostUser" time="1.270"/>
  <testcase classname="api.test.DDUserTests" name="testPostUser" time="1.210"/>
  <testcase classname="api.test.DDUserTests" name="testPostUser" time="1.276"/>
  <testcase classname="api.test.DDUserTests" name="testPostUser" time="1.268"/>
  <testcase classname="api.test.DDUserTests" name="testPostUser" time="1.232"/>
  <testcase classname="api.test.DDUserTests" name="testDeleteUserByName" time="1.278"/>
  <testcase classname="api.test.DDUserTests" name="testDeleteUserByName" time="1.268"/>
  <testcase classname="api.test.DDUserTests" name="testDeleteUserByName" time="1.368"/>
  <testcase classname="api.test.DDUserTests" name="testDeleteUserByName" time="1.402"/>
  <testcase classname="api.test.DDUserTests" name="testDeleteUserByName" time="1.290"/>
</testsuite> <!-- api.test.DDUserTests -->
