<?xml version="1.0" encoding="UTF-8"?>
<!-- Generated by org.testng.reporters.JUnitReportReporter -->
<testsuite hostname="DESKTOP-PP8RICL" failures="0" tests="4" name="api.test.UserTests" time="9.437" errors="0" timestamp="2025-01-12T16:47:32 BDT" skipped="0">
  <testcase classname="api.test.UserTests" name="testPostUser" time="3.914"/>
  <testcase classname="api.test.UserTests" name="testGetUserByName" time="1.698"/>
  <testcase classname="api.test.UserTests" name="testUpdateUserByName" time="2.585"/>
  <testcase classname="api.test.UserTests" name="testDeleteUserByName" time="1.240"/>
</testsuite> <!-- api.test.UserTests -->
