<?xml version="1.0" encoding="UTF-8"?>
<!-- Generated by org.testng.reporters.JUnitReportReporter -->
<testsuite hostname="DESKTOP-PP8RICL" failures="0" tests="4" name="api.test.StoreTests" time="6.341" errors="0" timestamp="2025-01-12T16:47:32 BDT" skipped="0">
  <testcase classname="api.test.StoreTests" name="testPlaceOrder" time="1.329"/>
  <testcase classname="api.test.StoreTests" name="testGetOrderById" time="1.259"/>
  <testcase classname="api.test.StoreTests" name="testDeleteOrderById" time="2.491"/>
  <testcase classname="api.test.StoreTests" name="testGetInventory" time="1.262"/>
</testsuite> <!-- api.test.StoreTests -->
